* sekheng : Fri Feb 12 13:45:25 2016 +0800 : making adjustment to the codes.
* sekheng : Mon Feb 8 20:03:50 2016 +0800 : solved the prevention of sorting things by map
* sekheng : Mon Feb 8 19:34:27 2016 +0800 : improving the query machine. still trying to figure out a way to prevent sorting of the keys.
* sekheng : Mon Feb 8 18:52:09 2016 +0800 : updating the function for QueryMachine.
* sekheng : Mon Feb 8 17:54:14 2016 +0800 : Completing the function for Brackets in the part 4 of the assignment. apparently, it fails test 3 and 5.
* sekheng : Sun Feb 7 12:36:03 2016 +0800 : fixed the stack. the mistake was top is being filled with a Node
* sekheng : Sun Feb 7 12:31:06 2016 +0800 : fixed queue's mistake. Apparently, front and back should be empty instead of filling it with a node.
*   sekheng : Fri Feb 5 18:09:31 2016 +0800 : Merge branch 'master' of https://github.com/sekheng/DS_A2
|\  
| * unknown : Thu Jan 28 17:45:27 2016 +0800 : documenting codes
| * unknown : Thu Jan 28 17:13:32 2016 +0800 : adding documentation into the codes
| * unknown : Thu Jan 28 16:54:42 2016 +0800 : shortening the codes at linkedlist::size()
* | sekheng : Fri Feb 5 17:35:54 2016 +0800 : redoing the LinkedList Functions due to mistakes of allocating new memory space to the head.
* | sekheng : Fri Feb 5 17:30:37 2016 +0800 : Re-doing Linked List functions. The mistake was allocating a memory space to the head right from the start.
|/  
* sekheng : Thu Jan 21 11:07:43 2016 +0800 : Re-done the Queue's logic. Now it should be working perfectly.
* sekheng : Wed Jan 20 11:55:26 2016 +0800 : Updated the new framework of the project. Need to re-do queue's functions because is all wrong.
* sekheng : Thu Jan 14 12:10:11 2016 +0800 : testing out the functions of Stacks
* sekheng : Thu Jan 14 11:40:47 2016 +0800 : Coding for the Stack size(), Stacl::pop(), Stack::push().
* sekheng : Thu Jan 14 11:12:37 2016 +0800 : Coding for the Queue::enqueue() and Queue::dequeue()
* sekheng : Thu Jan 14 09:39:48 2016 +0800 : Testing on LinkedList::pop_at()
* sekheng : Thu Jan 14 09:36:55 2016 +0800 : Coding for the Queue::size()
* sekheng : Thu Jan 14 09:11:03 2016 +0800 : Solving the bugs for the LinkedList functions
* sekheng : Wed Jan 13 22:00:15 2016 +0800 : Still solving the bugs for linkedList insert_at() and pop_at().
* sekheng : Wed Jan 13 20:49:39 2016 +0800 : Improving the destructor for Queue and Stack
* sekheng : Wed Jan 13 20:29:47 2016 +0800 : Coded LinkedList insertat() and pop_at() but not yet tested.
* sekheng : Wed Jan 13 20:07:01 2016 +0800 : Solved the bug of Linked list functions for size(), popback(), popfront(), pushfront(), pushback().
* sekheng : Sun Jan 10 22:00:38 2016 +0800 : Trying to figure out the bug of why can't the list contain more than 2 Nodes.
* sekheng : Sun Jan 10 21:06:55 2016 +0800 : fixed the push_front() bug which is the assumption that 0 is a data.
* sekheng : Sun Jan 10 15:02:38 2016 +0800 : Improving the pushfront and push_back functions. It appears that if the data is 0, there will be a bug.
* sekheng : Sun Jan 10 14:22:45 2016 +0800 : allocating new memory to all the node in the classes and deleting them.
* sekheng : Sat Jan 9 16:19:14 2016 +0800 : Adding name and admin no.
* sekheng : Sat Jan 9 15:12:49 2016 +0800 : The Data Struct assignment 2 copy
* Lee Sek Heng : Sat Jan 9 15:10:40 2016 +0800 : Create README.md
* Lee Sek Heng : Sat Jan 9 15:09:13 2016 +0800 : Update .gitignore